<?xml version="1.0" encoding="UTF-8"?>
<testng-results ignored="0" total="1" passed="1" failed="0" skipped="0">
  <reporter-output>
  </reporter-output>
  <suite started-at="2024-08-26T10:26:10 CST" name="Surefire suite" finished-at="2024-08-26T10:26:10 CST" duration-ms="16">
    <groups>
    </groups>
    <test started-at="2024-08-26T10:26:10 CST" name="Surefire test" finished-at="2024-08-26T10:26:10 CST" duration-ms="16">
      <class name="com.example.AppTest">
        <test-method signature="testApp()" started-at="2024-08-26T10:26:10 CST" name="testApp" finished-at="2024-08-26T10:26:10 CST" duration-ms="4" status="PASS">
          <reporter-output>
          </reporter-output>
        </test-method> <!-- testApp -->
      </class> <!-- com.example.AppTest -->
    </test> <!-- Surefire test -->
  </suite> <!-- Surefire suite -->
</testng-results>
